<?xml version="1.0" encoding="utf-8"?><testsuites name="pytest tests"><testsuite name="pytest" errors="0" failures="0" skipped="0" tests="12" time="64.379" timestamp="2026-03-22T08:00:04.400319+00:00" hostname="agent-env-83ed0f77-542d-4910-a107-e90e5390234e"><testcase classname="tests.test_ai_endpoints.TestAIDealAnalyzer" name="test_deal_analyzer_success" time="3.491" /><testcase classname="tests.test_ai_endpoints.TestAIDealAnalyzer" name="test_deal_analyzer_minimal_data" time="3.204" /><testcase classname="tests.test_ai_endpoints.TestAIDealAnalyzer" name="test_deal_analyzer_missing_required_field" time="11.273" /><testcase classname="tests.test_ai_endpoints.TestAIMarketReport" name="test_market_report_general" time="8.250" /><testcase classname="tests.test_ai_endpoints.TestAIMarketReport" name="test_market_report_premium_focus" time="9.544" /><testcase classname="tests.test_ai_endpoints.TestAIMarketReport" name="test_market_report_default_focus" time="8.366" /><testcase classname="tests.test_ai_endpoints.TestSmartAlertEngine" name="test_smart_alerts_analysis" time="2.504" /><testcase classname="tests.test_ai_endpoints.TestSmartAlertEngine" name="test_smart_alerts_empty_list" time="0.736" /><testcase classname="tests.test_ai_endpoints.TestECUKnowledgeBot" name="test_ecu_chat_new_session" time="5.075" /><testcase classname="tests.test_ai_endpoints.TestECUKnowledgeBot" name="test_ecu_chat_existing_session" time="11.583" /><testcase classname="tests.test_ai_endpoints.TestECUKnowledgeBot" name="test_ecu_chat_missing_message" time="0.125" /><testcase classname="tests.test_ai_endpoints.TestHealthEndpoints" name="test_root_endpoint" time="0.112" /></testsuite></testsuites>